<?xml version="1.0" encoding="UTF-8"?>
<robot generator="Robot 7.1.1 (Python 3.10.12 on linux)" generated="2024-11-21T19:51:39.870729" rpa="false" schemaversion="5">
<suite id="s1" name="Test" source="/home/vic/python/nexign/test.robot">
<test id="s1-t1" name="GetTimeLocal" line="13">
<kw name="Get Current Date" owner="DateTime">
<msg time="2024-11-21T19:51:39.965928" level="INFO">${timeLocal} = 2024-11-21 19:51</msg>
<var>${timeLocal}</var>
<arg>result_format=%Y-%m-%d %H:%M</arg>
<doc>Returns current local or UTC time with an optional increment.</doc>
<status status="PASS" start="2024-11-21T19:51:39.965653" elapsed="0.000306"/>
</kw>
<kw name="Log" owner="BuiltIn">
<msg time="2024-11-21T19:51:39.966246" level="INFO">Local time is: 2024-11-21 19:51</msg>
<arg>Local time is: ${timeLocal}</arg>
<doc>Logs the given message with the given level.</doc>
<status status="PASS" start="2024-11-21T19:51:39.966109" elapsed="0.000174"/>
</kw>
<status status="PASS" start="2024-11-21T19:51:39.964920" elapsed="0.001483"/>
</test>
<test id="s1-t2" name="GetTimeMoscow" line="17">
<while condition="$status == ${False}">
<iter>
<try>
<branch type="TRY">
<kw name="GET" owner="RequestsLibrary">
<msg time="2024-11-21T19:51:40.075952" level="FAIL">ConnectionError: ('Connection aborted.', ConnectionResetError(104, 'Connection reset by peer'))</msg>
<var>${response}</var>
<arg>${URL}</arg>
<doc>Sends a GET request.</doc>
<status status="FAIL" start="2024-11-21T19:51:39.969302" elapsed="0.108457">ConnectionError: ('Connection aborted.', ConnectionResetError(104, 'Connection reset by peer'))</status>
</kw>
<kw name="Should Be Equal As Strings" owner="BuiltIn">
<arg>${response.status_code}</arg>
<arg>200</arg>
<doc>Fails if objects are unequal after converting them to strings.</doc>
<status status="NOT RUN" start="2024-11-21T19:51:40.077949" elapsed="0.000021"/>
</kw>
<kw name="Log" owner="BuiltIn">
<arg>Response from ${URL}: ${response}</arg>
<doc>Logs the given message with the given level.</doc>
<status status="NOT RUN" start="2024-11-21T19:51:40.078051" elapsed="0.000017"/>
</kw>
<kw name="Set Variable" owner="BuiltIn">
<var>${status}</var>
<arg>${True}</arg>
<doc>Returns the given values which can then be assigned to a variables.</doc>
<status status="NOT RUN" start="2024-11-21T19:51:40.078137" elapsed="0.000014"/>
</kw>
<status status="FAIL" start="2024-11-21T19:51:39.969193" elapsed="0.109020">ConnectionError: ('Connection aborted.', ConnectionResetError(104, 'Connection reset by peer'))</status>
</branch>
<branch type="EXCEPT">
<pattern>ConnectionError</pattern>
<kw name="Log" owner="BuiltIn">
<arg>Connection failed. Retrying...</arg>
<doc>Logs the given message with the given level.</doc>
<status status="NOT RUN" start="2024-11-21T19:51:40.078347" elapsed="0.000013"/>
</kw>
<status status="NOT RUN" start="2024-11-21T19:51:40.078281" elapsed="0.000103"/>
</branch>
<branch type="FINALLY">
<kw name="Sleep" owner="BuiltIn">
<msg time="2024-11-21T19:51:42.078845" level="INFO">Slept 2 seconds.</msg>
<arg>2s</arg>
<doc>Pauses the test executed for the given time.</doc>
<status status="PASS" start="2024-11-21T19:51:40.078469" elapsed="2.000541"/>
</kw>
<status status="PASS" start="2024-11-21T19:51:40.078415" elapsed="2.000678"/>
</branch>
<status status="FAIL" start="2024-11-21T19:51:39.969164" elapsed="2.109978">ConnectionError: ('Connection aborted.', ConnectionResetError(104, 'Connection reset by peer'))</status>
</try>
<status status="FAIL" start="2024-11-21T19:51:39.966753" elapsed="2.112494">ConnectionError: ('Connection aborted.', ConnectionResetError(104, 'Connection reset by peer'))</status>
</iter>
<status status="FAIL" start="2024-11-21T19:51:39.966751" elapsed="2.112582">ConnectionError: ('Connection aborted.', ConnectionResetError(104, 'Connection reset by peer'))</status>
</while>
<kw name="Run Keyword If" owner="BuiltIn">
<arg>${response} == None</arg>
<arg>Fail</arg>
<arg>"Response is not defined, test failed!"</arg>
<doc>Runs the given keyword with the given arguments, if ``condition`` is true.</doc>
<status status="NOT RUN" start="2024-11-21T19:51:42.079652" elapsed="0.000036"/>
</kw>
<kw name="Evaluate" owner="BuiltIn">
<var>${timeMoscowFull}</var>
<arg>${response.json()}[datetime]</arg>
<doc>Evaluates the given expression in Python and returns the result.</doc>
<status status="NOT RUN" start="2024-11-21T19:51:42.079916" elapsed="0.000030"/>
</kw>
<kw name="Evaluate" owner="BuiltIn">
<var>${timeMoscow}</var>
<arg>str("${timeMoscowFull}".split('+')[0]).split('.')[0]</arg>
<doc>Evaluates the given expression in Python and returns the result.</doc>
<status status="NOT RUN" start="2024-11-21T19:51:42.080127" elapsed="0.000081"/>
</kw>
<kw name="Log" owner="BuiltIn">
<arg>Current time in Moscow: ${timeMoscow}</arg>
<doc>Logs the given message with the given level.</doc>
<status status="NOT RUN" start="2024-11-21T19:51:42.080443" elapsed="0.000030"/>
</kw>
<status status="FAIL" start="2024-11-21T19:51:39.966560" elapsed="2.114209">ConnectionError: ('Connection aborted.', ConnectionResetError(104, 'Connection reset by peer'))</status>
</test>
<test id="s1-t3" name="ComparisonValue" line="38">
<kw name="Should Be Equal As Strings" owner="BuiltIn">
<arg>${timeMoscow}</arg>
<arg>${timeLocal}</arg>
<arg>"Локальное время не совпадает с временем на удалённом сервере"</arg>
<doc>Fails if objects are unequal after converting them to strings.</doc>
<status status="PASS" start="2024-11-21T19:51:42.081363" elapsed="0.000245"/>
</kw>
<status status="PASS" start="2024-11-21T19:51:42.081081" elapsed="0.000655"/>
</test>
<status status="FAIL" start="2024-11-21T19:51:39.871503" elapsed="2.210578"/>
</suite>
<statistics>
<total>
<stat pass="2" fail="1" skip="0">All Tests</stat>
</total>
<tag>
</tag>
<suite>
<stat pass="2" fail="1" skip="0" id="s1" name="Test">Test</stat>
</suite>
</statistics>
<errors>
</errors>
</robot>
